  dz.c
D:\projects\lab12\dz\dz.c(25,42): warning C4311: приведение типов: усечение указателя из "char *" в "unsigned long"
D:\projects\lab12\dz\dz.c(25,68): warning C4311: приведение типов: усечение указателя из "char *" в "unsigned long"
D:\projects\lab12\dz\dz.c(26,47): warning C4311: приведение типов: усечение указателя из "short *" в "unsigned long"
D:\projects\lab12\dz\dz.c(26,76): warning C4311: приведение типов: усечение указателя из "short *" в "unsigned long"
D:\projects\lab12\dz\dz.c(27,56): warning C4311: приведение типов: усечение указателя из "unsigned short *" в "unsigned long"
D:\projects\lab12\dz\dz.c(27,87): warning C4311: приведение типов: усечение указателя из "unsigned short *" в "unsigned long"
D:\projects\lab12\dz\dz.c(28,41): warning C4311: приведение типов: усечение указателя из "int *" в "unsigned long"
D:\projects\lab12\dz\dz.c(28,68): warning C4311: приведение типов: усечение указателя из "int *" в "unsigned long"
D:\projects\lab12\dz\dz.c(29,51): warning C4311: приведение типов: усечение указателя из "unsigned char *" в "unsigned long"
D:\projects\lab12\dz\dz.c(29,80): warning C4311: приведение типов: усечение указателя из "unsigned char *" в "unsigned long"
D:\projects\lab12\dz\dz.c(30,45): warning C4311: приведение типов: усечение указателя из "wchar_t *" в "unsigned long"
D:\projects\lab12\dz\dz.c(30,75): warning C4311: приведение типов: усечение указателя из "wchar_t *" в "unsigned long"
D:\projects\lab12\dz\dz.c(31,51): warning C4311: приведение типов: усечение указателя из "__int64 *" в "unsigned long"
D:\projects\lab12\dz\dz.c(31,82): warning C4311: приведение типов: усечение указателя из "__int64 *" в "unsigned long"
D:\projects\lab12\dz\dz.c(32,44): warning C4311: приведение типов: усечение указателя из "size_t *" в "unsigned long"
D:\projects\lab12\dz\dz.c(32,74): warning C4311: приведение типов: усечение указателя из "size_t *" в "unsigned long"
D:\projects\lab12\dz\dz.c(33,43): warning C4311: приведение типов: усечение указателя из "float *" в "unsigned long"
D:\projects\lab12\dz\dz.c(33,72): warning C4311: приведение типов: усечение указателя из "float *" в "unsigned long"
D:\projects\lab12\dz\dz.c(34,44): warning C4311: приведение типов: усечение указателя из "double *" в "unsigned long"
D:\projects\lab12\dz\dz.c(34,73): warning C4311: приведение типов: усечение указателя из "double *" в "unsigned long"
D:\projects\lab12\dz\dz.c(35,48): warning C4311: приведение типов: усечение указателя из "int *" в "unsigned long"
D:\projects\lab12\dz\dz.c(35,78): warning C4311: приведение типов: усечение указателя из "int *" в "unsigned long"
  dz.vcxproj -> D:\projects\lab12\lab12\x64\Debug\dz.exe
